{"/home/abdurahim/Desktop/exadel/BudgetifyApp/app.js": {"path":"/home/abdurahim/Desktop/exadel/BudgetifyApp/app.js","statementMap":{"0":{"start":{"line":18,"column":0},"end":{"line":18,"column":9}},"1":{"start":{"line":19,"column":12},"end":{"line":19,"column":21}},"2":{"start":{"line":20,"column":13},"end":{"line":20,"column":37}},"3":{"start":{"line":22,"column":0},"end":{"line":26,"column":2}},"4":{"start":{"line":24,"column":8},"end":{"line":24,"column":41}},"5":{"start":{"line":25,"column":11},"end":{"line":25,"column":27}},"6":{"start":{"line":29,"column":0},"end":{"line":29,"column":16}},"7":{"start":{"line":30,"column":0},"end":{"line":30,"column":23}},"8":{"start":{"line":31,"column":0},"end":{"line":31,"column":30}},"9":{"start":{"line":32,"column":0},"end":{"line":32,"column":34}},"10":{"start":{"line":33,"column":0},"end":{"line":33,"column":24}},"11":{"start":{"line":34,"column":0},"end":{"line":34,"column":49}},"12":{"start":{"line":35,"column":0},"end":{"line":35,"column":31}},"13":{"start":{"line":38,"column":0},"end":{"line":38,"column":30}},"14":{"start":{"line":39,"column":0},"end":{"line":39,"column":42}},"15":{"start":{"line":40,"column":0},"end":{"line":40,"column":45}},"16":{"start":{"line":41,"column":0},"end":{"line":41,"column":50}},"17":{"start":{"line":42,"column":0},"end":{"line":42,"column":63}},"18":{"start":{"line":43,"column":0},"end":{"line":43,"column":49}},"19":{"start":{"line":46,"column":0},"end":{"line":50,"column":3}},"20":{"start":{"line":47,"column":16},"end":{"line":47,"column":38}},"21":{"start":{"line":48,"column":2},"end":{"line":48,"column":21}},"22":{"start":{"line":49,"column":2},"end":{"line":49,"column":14}},"23":{"start":{"line":51,"column":0},"end":{"line":58,"column":3}},"24":{"start":{"line":52,"column":2},"end":{"line":52,"column":34}},"25":{"start":{"line":53,"column":2},"end":{"line":57,"column":5}},"26":{"start":{"line":60,"column":0},"end":{"line":62,"column":3}},"27":{"start":{"line":61,"column":2},"end":{"line":61,"column":62}}},"fnMap":{"0":{"name":"(anonymous_0)","decl":{"start":{"line":24,"column":2},"end":{"line":24,"column":3}},"loc":{"start":{"line":24,"column":8},"end":{"line":24,"column":41}},"line":24},"1":{"name":"(anonymous_1)","decl":{"start":{"line":25,"column":2},"end":{"line":25,"column":3}},"loc":{"start":{"line":25,"column":11},"end":{"line":25,"column":27}},"line":25},"2":{"name":"(anonymous_2)","decl":{"start":{"line":46,"column":8},"end":{"line":46,"column":9}},"loc":{"start":{"line":46,"column":28},"end":{"line":50,"column":1}},"line":46},"3":{"name":"(anonymous_3)","decl":{"start":{"line":51,"column":8},"end":{"line":51,"column":9}},"loc":{"start":{"line":51,"column":35},"end":{"line":58,"column":1}},"line":51},"4":{"name":"(anonymous_4)","decl":{"start":{"line":60,"column":17},"end":{"line":60,"column":18}},"loc":{"start":{"line":60,"column":23},"end":{"line":62,"column":1}},"line":60}},"branchMap":{"0":{"loc":{"start":{"line":20,"column":13},"end":{"line":20,"column":37}},"type":"binary-expr","locations":[{"start":{"line":20,"column":13},"end":{"line":20,"column":29}},{"start":{"line":20,"column":33},"end":{"line":20,"column":37}}],"line":20},"1":{"loc":{"start":{"line":52,"column":13},"end":{"line":52,"column":32}},"type":"binary-expr","locations":[{"start":{"line":52,"column":13},"end":{"line":52,"column":25}},{"start":{"line":52,"column":29},"end":{"line":52,"column":32}}],"line":52}},"s":{"0":1,"1":1,"2":1,"3":1,"4":1,"5":0,"6":1,"7":1,"8":1,"9":1,"10":1,"11":1,"12":1,"13":1,"14":1,"15":1,"16":1,"17":1,"18":1,"19":1,"20":0,"21":0,"22":0,"23":1,"24":0,"25":0,"26":1,"27":1},"f":{"0":1,"1":0,"2":0,"3":0,"4":1},"b":{"0":[1,0],"1":[0,0]},"_coverageSchema":"1a1c01bbd47fc00a2c39e90264f33305004495a9","hash":"1e5fd1141bf18c1a53650229fd1545df3de9c87c"}
,"/home/abdurahim/Desktop/exadel/BudgetifyApp/api/controllers/accounts.js": {"path":"/home/abdurahim/Desktop/exadel/BudgetifyApp/api/controllers/accounts.js","statementMap":{"0":{"start":{"line":3,"column":31},"end":{"line":10,"column":1}},"1":{"start":{"line":4,"column":19},"end":{"line":4,"column":30}},"2":{"start":{"line":5,"column":17},"end":{"line":5,"column":47}},"3":{"start":{"line":6,"column":2},"end":{"line":9,"column":5}},"4":{"start":{"line":12,"column":29},"end":{"line":19,"column":1}},"5":{"start":{"line":13,"column":19},"end":{"line":13,"column":40}},"6":{"start":{"line":14,"column":2},"end":{"line":14,"column":26}},"7":{"start":{"line":15,"column":2},"end":{"line":18,"column":5}},"8":{"start":{"line":21,"column":26},"end":{"line":28,"column":1}},"9":{"start":{"line":22,"column":22},"end":{"line":22,"column":32}},"10":{"start":{"line":23,"column":16},"end":{"line":23,"column":57}},"11":{"start":{"line":24,"column":2},"end":{"line":27,"column":5}},"12":{"start":{"line":30,"column":29},"end":{"line":44,"column":1}},"13":{"start":{"line":31,"column":22},"end":{"line":31,"column":32}},"14":{"start":{"line":32,"column":23},"end":{"line":39,"column":3}},"15":{"start":{"line":40,"column":2},"end":{"line":43,"column":5}},"16":{"start":{"line":46,"column":29},"end":{"line":53,"column":1}},"17":{"start":{"line":47,"column":22},"end":{"line":47,"column":32}},"18":{"start":{"line":48,"column":23},"end":{"line":48,"column":73}},"19":{"start":{"line":49,"column":2},"end":{"line":52,"column":5}}},"fnMap":{"0":{"name":"(anonymous_0)","decl":{"start":{"line":3,"column":31},"end":{"line":3,"column":32}},"loc":{"start":{"line":3,"column":51},"end":{"line":10,"column":1}},"line":3},"1":{"name":"(anonymous_1)","decl":{"start":{"line":12,"column":29},"end":{"line":12,"column":30}},"loc":{"start":{"line":12,"column":49},"end":{"line":19,"column":1}},"line":12},"2":{"name":"(anonymous_2)","decl":{"start":{"line":21,"column":26},"end":{"line":21,"column":27}},"loc":{"start":{"line":21,"column":46},"end":{"line":28,"column":1}},"line":21},"3":{"name":"(anonymous_3)","decl":{"start":{"line":30,"column":29},"end":{"line":30,"column":30}},"loc":{"start":{"line":30,"column":49},"end":{"line":44,"column":1}},"line":30},"4":{"name":"(anonymous_4)","decl":{"start":{"line":46,"column":29},"end":{"line":46,"column":30}},"loc":{"start":{"line":46,"column":49},"end":{"line":53,"column":1}},"line":46}},"branchMap":{},"s":{"0":1,"1":0,"2":0,"3":0,"4":1,"5":0,"6":0,"7":0,"8":1,"9":0,"10":0,"11":0,"12":1,"13":0,"14":0,"15":0,"16":1,"17":0,"18":0,"19":0},"f":{"0":0,"1":0,"2":0,"3":0,"4":0},"b":{},"_coverageSchema":"1a1c01bbd47fc00a2c39e90264f33305004495a9","hash":"91460e22f877d3599450c82e8bc66847c22eb842"}
,"/home/abdurahim/Desktop/exadel/BudgetifyApp/api/controllers/categories.js": {"path":"/home/abdurahim/Desktop/exadel/BudgetifyApp/api/controllers/categories.js","statementMap":{"0":{"start":{"line":3,"column":32},"end":{"line":6,"column":1}},"1":{"start":{"line":4,"column":19},"end":{"line":4,"column":40}},"2":{"start":{"line":5,"column":2},"end":{"line":5,"column":62}},"3":{"start":{"line":8,"column":30},"end":{"line":12,"column":1}},"4":{"start":{"line":9,"column":20},"end":{"line":9,"column":42}},"5":{"start":{"line":10,"column":2},"end":{"line":10,"column":27}},"6":{"start":{"line":11,"column":2},"end":{"line":11,"column":59}},"7":{"start":{"line":14,"column":30},"end":{"line":25,"column":1}},"8":{"start":{"line":15,"column":23},"end":{"line":15,"column":33}},"9":{"start":{"line":16,"column":24},"end":{"line":23,"column":3}},"10":{"start":{"line":24,"column":2},"end":{"line":24,"column":61}},"11":{"start":{"line":27,"column":30},"end":{"line":31,"column":1}},"12":{"start":{"line":28,"column":23},"end":{"line":28,"column":33}},"13":{"start":{"line":29,"column":24},"end":{"line":29,"column":76}},"14":{"start":{"line":30,"column":2},"end":{"line":30,"column":79}}},"fnMap":{"0":{"name":"(anonymous_0)","decl":{"start":{"line":3,"column":32},"end":{"line":3,"column":33}},"loc":{"start":{"line":3,"column":52},"end":{"line":6,"column":1}},"line":3},"1":{"name":"(anonymous_1)","decl":{"start":{"line":8,"column":30},"end":{"line":8,"column":31}},"loc":{"start":{"line":8,"column":50},"end":{"line":12,"column":1}},"line":8},"2":{"name":"(anonymous_2)","decl":{"start":{"line":14,"column":30},"end":{"line":14,"column":31}},"loc":{"start":{"line":14,"column":50},"end":{"line":25,"column":1}},"line":14},"3":{"name":"(anonymous_3)","decl":{"start":{"line":27,"column":30},"end":{"line":27,"column":31}},"loc":{"start":{"line":27,"column":50},"end":{"line":31,"column":1}},"line":27}},"branchMap":{},"s":{"0":1,"1":0,"2":0,"3":1,"4":0,"5":0,"6":0,"7":1,"8":0,"9":0,"10":0,"11":1,"12":0,"13":0,"14":0},"f":{"0":0,"1":0,"2":0,"3":0},"b":{},"_coverageSchema":"1a1c01bbd47fc00a2c39e90264f33305004495a9","hash":"b6ddfb889d7e21309ea1688cb93bfc8e7a24bba3"}
,"/home/abdurahim/Desktop/exadel/BudgetifyApp/api/controllers/transactions.js": {"path":"/home/abdurahim/Desktop/exadel/BudgetifyApp/api/controllers/transactions.js","statementMap":{"0":{"start":{"line":3,"column":38},"end":{"line":10,"column":1}},"1":{"start":{"line":4,"column":22},"end":{"line":4,"column":32}},"2":{"start":{"line":5,"column":21},"end":{"line":5,"column":69}},"3":{"start":{"line":6,"column":2},"end":{"line":9,"column":5}},"4":{"start":{"line":12,"column":37},"end":{"line":21,"column":1}},"5":{"start":{"line":13,"column":22},"end":{"line":13,"column":32}},"6":{"start":{"line":14,"column":21},"end":{"line":16,"column":4}},"7":{"start":{"line":17,"column":2},"end":{"line":20,"column":5}},"8":{"start":{"line":23,"column":38},"end":{"line":32,"column":1}},"9":{"start":{"line":24,"column":22},"end":{"line":24,"column":32}},"10":{"start":{"line":25,"column":21},"end":{"line":27,"column":4}},"11":{"start":{"line":28,"column":2},"end":{"line":31,"column":5}},"12":{"start":{"line":34,"column":33},"end":{"line":45,"column":1}},"13":{"start":{"line":35,"column":26},"end":{"line":35,"column":36}},"14":{"start":{"line":36,"column":27},"end":{"line":40,"column":3}},"15":{"start":{"line":41,"column":2},"end":{"line":44,"column":5}},"16":{"start":{"line":47,"column":33},"end":{"line":56,"column":1}},"17":{"start":{"line":48,"column":26},"end":{"line":48,"column":36}},"18":{"start":{"line":49,"column":27},"end":{"line":51,"column":4}},"19":{"start":{"line":52,"column":2},"end":{"line":55,"column":5}}},"fnMap":{"0":{"name":"(anonymous_0)","decl":{"start":{"line":3,"column":38},"end":{"line":3,"column":39}},"loc":{"start":{"line":3,"column":58},"end":{"line":10,"column":1}},"line":3},"1":{"name":"(anonymous_1)","decl":{"start":{"line":12,"column":37},"end":{"line":12,"column":38}},"loc":{"start":{"line":12,"column":57},"end":{"line":21,"column":1}},"line":12},"2":{"name":"(anonymous_2)","decl":{"start":{"line":23,"column":38},"end":{"line":23,"column":39}},"loc":{"start":{"line":23,"column":58},"end":{"line":32,"column":1}},"line":23},"3":{"name":"(anonymous_3)","decl":{"start":{"line":34,"column":33},"end":{"line":34,"column":34}},"loc":{"start":{"line":34,"column":53},"end":{"line":45,"column":1}},"line":34},"4":{"name":"(anonymous_4)","decl":{"start":{"line":47,"column":33},"end":{"line":47,"column":34}},"loc":{"start":{"line":47,"column":53},"end":{"line":56,"column":1}},"line":47}},"branchMap":{},"s":{"0":1,"1":0,"2":0,"3":0,"4":1,"5":0,"6":0,"7":0,"8":1,"9":0,"10":0,"11":0,"12":1,"13":0,"14":0,"15":0,"16":1,"17":0,"18":0,"19":0},"f":{"0":0,"1":0,"2":0,"3":0,"4":0},"b":{},"_coverageSchema":"1a1c01bbd47fc00a2c39e90264f33305004495a9","hash":"0d51c9197ec086fd267779497b39afdac3588ccb"}
,"/home/abdurahim/Desktop/exadel/BudgetifyApp/api/controllers/user.js": {"path":"/home/abdurahim/Desktop/exadel/BudgetifyApp/api/controllers/user.js","statementMap":{"0":{"start":{"line":6,"column":0},"end":{"line":6,"column":9}},"1":{"start":{"line":7,"column":17},"end":{"line":7,"column":20}},"2":{"start":{"line":9,"column":27},"end":{"line":15,"column":1}},"3":{"start":{"line":10,"column":14},"end":{"line":10,"column":31}},"4":{"start":{"line":11,"column":2},"end":{"line":14,"column":5}},"5":{"start":{"line":17,"column":28},"end":{"line":24,"column":1}},"6":{"start":{"line":18,"column":16},"end":{"line":18,"column":34}},"7":{"start":{"line":19,"column":2},"end":{"line":19,"column":23}},"8":{"start":{"line":20,"column":2},"end":{"line":23,"column":5}},"9":{"start":{"line":26,"column":25},"end":{"line":52,"column":1}},"10":{"start":{"line":27,"column":28},"end":{"line":27,"column":36}},"11":{"start":{"line":28,"column":13},"end":{"line":28,"column":42}},"12":{"start":{"line":29,"column":2},"end":{"line":29,"column":20}},"13":{"start":{"line":30,"column":2},"end":{"line":51,"column":3}},"14":{"start":{"line":31,"column":20},"end":{"line":35,"column":5}},"15":{"start":{"line":37,"column":18},"end":{"line":39,"column":6}},"16":{"start":{"line":41,"column":4},"end":{"line":48,"column":7}},"17":{"start":{"line":50,"column":4},"end":{"line":50,"column":61}},"18":{"start":{"line":54,"column":26},"end":{"line":64,"column":1}},"19":{"start":{"line":55,"column":11},"end":{"line":55,"column":28}},"20":{"start":{"line":56,"column":20},"end":{"line":59,"column":4}},"21":{"start":{"line":60,"column":2},"end":{"line":63,"column":5}},"22":{"start":{"line":66,"column":26},"end":{"line":73,"column":1}},"23":{"start":{"line":67,"column":19},"end":{"line":67,"column":29}},"24":{"start":{"line":68,"column":20},"end":{"line":68,"column":64}},"25":{"start":{"line":69,"column":2},"end":{"line":72,"column":5}}},"fnMap":{"0":{"name":"(anonymous_0)","decl":{"start":{"line":9,"column":27},"end":{"line":9,"column":28}},"loc":{"start":{"line":9,"column":47},"end":{"line":15,"column":1}},"line":9},"1":{"name":"(anonymous_1)","decl":{"start":{"line":17,"column":28},"end":{"line":17,"column":29}},"loc":{"start":{"line":17,"column":48},"end":{"line":24,"column":1}},"line":17},"2":{"name":"(anonymous_2)","decl":{"start":{"line":26,"column":25},"end":{"line":26,"column":26}},"loc":{"start":{"line":26,"column":45},"end":{"line":52,"column":1}},"line":26},"3":{"name":"(anonymous_3)","decl":{"start":{"line":54,"column":26},"end":{"line":54,"column":27}},"loc":{"start":{"line":54,"column":46},"end":{"line":64,"column":1}},"line":54},"4":{"name":"(anonymous_4)","decl":{"start":{"line":66,"column":26},"end":{"line":66,"column":27}},"loc":{"start":{"line":66,"column":46},"end":{"line":73,"column":1}},"line":66}},"branchMap":{"0":{"loc":{"start":{"line":30,"column":2},"end":{"line":51,"column":3}},"type":"if","locations":[{"start":{"line":30,"column":2},"end":{"line":51,"column":3}},{"start":{"line":49,"column":9},"end":{"line":51,"column":3}}],"line":30},"1":{"loc":{"start":{"line":30,"column":6},"end":{"line":30,"column":50}},"type":"binary-expr","locations":[{"start":{"line":30,"column":6},"end":{"line":30,"column":10}},{"start":{"line":30,"column":14},"end":{"line":30,"column":50}}],"line":30}},"s":{"0":1,"1":1,"2":1,"3":1,"4":1,"5":1,"6":1,"7":1,"8":0,"9":1,"10":0,"11":0,"12":0,"13":0,"14":0,"15":0,"16":0,"17":0,"18":1,"19":0,"20":0,"21":0,"22":1,"23":0,"24":0,"25":0},"f":{"0":1,"1":1,"2":0,"3":0,"4":0},"b":{"0":[0,0],"1":[0,0]},"_coverageSchema":"1a1c01bbd47fc00a2c39e90264f33305004495a9","hash":"25911e203d70595a22215452412cde1cdcd86630"}
,"/home/abdurahim/Desktop/exadel/BudgetifyApp/api/middlewares/guards.js": {"path":"/home/abdurahim/Desktop/exadel/BudgetifyApp/api/middlewares/guards.js","statementMap":{"0":{"start":{"line":1,"column":19},"end":{"line":7,"column":1}},"1":{"start":{"line":2,"column":2},"end":{"line":6,"column":3}},"2":{"start":{"line":3,"column":4},"end":{"line":3,"column":11}},"3":{"start":{"line":5,"column":4},"end":{"line":5,"column":54}}},"fnMap":{"0":{"name":"(anonymous_0)","decl":{"start":{"line":1,"column":19},"end":{"line":1,"column":20}},"loc":{"start":{"line":1,"column":39},"end":{"line":7,"column":1}},"line":1}},"branchMap":{"0":{"loc":{"start":{"line":2,"column":2},"end":{"line":6,"column":3}},"type":"if","locations":[{"start":{"line":2,"column":2},"end":{"line":6,"column":3}},{"start":{"line":4,"column":9},"end":{"line":6,"column":3}}],"line":2},"1":{"loc":{"start":{"line":2,"column":6},"end":{"line":2,"column":57}},"type":"binary-expr","locations":[{"start":{"line":2,"column":6},"end":{"line":2,"column":14}},{"start":{"line":2,"column":18},"end":{"line":2,"column":57}}],"line":2}},"s":{"0":1,"1":0,"2":0,"3":0},"f":{"0":0},"b":{"0":[0,0],"1":[0,0]},"_coverageSchema":"1a1c01bbd47fc00a2c39e90264f33305004495a9","hash":"4338867c35254a2ea1022f0060133a85c114cd92"}
,"/home/abdurahim/Desktop/exadel/BudgetifyApp/api/middlewares/passport.js": {"path":"/home/abdurahim/Desktop/exadel/BudgetifyApp/api/middlewares/passport.js","statementMap":{"0":{"start":{"line":6,"column":0},"end":{"line":6,"column":9}},"1":{"start":{"line":8,"column":13},"end":{"line":11,"column":1}},"2":{"start":{"line":13,"column":0},"end":{"line":21,"column":2}},"3":{"start":{"line":15,"column":15},"end":{"line":15,"column":63}},"4":{"start":{"line":16,"column":4},"end":{"line":18,"column":5}},"5":{"start":{"line":17,"column":6},"end":{"line":17,"column":30}},"6":{"start":{"line":19,"column":4},"end":{"line":19,"column":29}},"7":{"start":{"line":23,"column":13},"end":{"line":23,"column":61}}},"fnMap":{"0":{"name":"(anonymous_0)","decl":{"start":{"line":14,"column":21},"end":{"line":14,"column":22}},"loc":{"start":{"line":14,"column":50},"end":{"line":20,"column":3}},"line":14}},"branchMap":{"0":{"loc":{"start":{"line":16,"column":4},"end":{"line":18,"column":5}},"type":"if","locations":[{"start":{"line":16,"column":4},"end":{"line":18,"column":5}},{"start":{},"end":{}}],"line":16}},"s":{"0":1,"1":1,"2":1,"3":0,"4":0,"5":0,"6":0,"7":1},"f":{"0":0},"b":{"0":[0,0]},"_coverageSchema":"1a1c01bbd47fc00a2c39e90264f33305004495a9","hash":"608b6db3ef5357dfdf7f4e2ec10c33e6a99cdb31"}
,"/home/abdurahim/Desktop/exadel/BudgetifyApp/api/models/account.js": {"path":"/home/abdurahim/Desktop/exadel/BudgetifyApp/api/models/account.js","statementMap":{"0":{"start":{"line":4,"column":26},"end":{"line":4,"column":34}},"1":{"start":{"line":8,"column":22},"end":{"line":41,"column":1}},"2":{"start":{"line":43,"column":0},"end":{"line":45,"column":3}}},"fnMap":{},"branchMap":{},"s":{"0":1,"1":1,"2":1},"f":{},"b":{},"_coverageSchema":"1a1c01bbd47fc00a2c39e90264f33305004495a9","hash":"77728a0014cf8f86278180d22c2e053acdec95d7"}
,"/home/abdurahim/Desktop/exadel/BudgetifyApp/api/models/category.js": {"path":"/home/abdurahim/Desktop/exadel/BudgetifyApp/api/models/category.js","statementMap":{"0":{"start":{"line":4,"column":26},"end":{"line":4,"column":34}},"1":{"start":{"line":6,"column":23},"end":{"line":21,"column":2}},"2":{"start":{"line":23,"column":0},"end":{"line":25,"column":3}}},"fnMap":{},"branchMap":{},"s":{"0":1,"1":1,"2":1},"f":{},"b":{},"_coverageSchema":"1a1c01bbd47fc00a2c39e90264f33305004495a9","hash":"db711dbc0ce41cd0f34adb453376db1147fc68e2"}
,"/home/abdurahim/Desktop/exadel/BudgetifyApp/api/models/transaction.js": {"path":"/home/abdurahim/Desktop/exadel/BudgetifyApp/api/models/transaction.js","statementMap":{"0":{"start":{"line":3,"column":26},"end":{"line":3,"column":34}},"1":{"start":{"line":5,"column":26},"end":{"line":46,"column":1}}},"fnMap":{},"branchMap":{},"s":{"0":1,"1":1},"f":{},"b":{},"_coverageSchema":"1a1c01bbd47fc00a2c39e90264f33305004495a9","hash":"738d1c9c0ad263021b1933963b32d069af2ae4dd"}
,"/home/abdurahim/Desktop/exadel/BudgetifyApp/api/models/user.js": {"path":"/home/abdurahim/Desktop/exadel/BudgetifyApp/api/models/user.js","statementMap":{"0":{"start":{"line":6,"column":26},"end":{"line":6,"column":34}},"1":{"start":{"line":10,"column":19},"end":{"line":57,"column":1}},"2":{"start":{"line":30,"column":30},"end":{"line":30,"column":44}},"3":{"start":{"line":31,"column":28},"end":{"line":31,"column":66}},"4":{"start":{"line":59,"column":0},"end":{"line":61,"column":3}},"5":{"start":{"line":63,"column":0},"end":{"line":83,"column":3}},"6":{"start":{"line":64,"column":15},"end":{"line":64,"column":19}},"7":{"start":{"line":66,"column":2},"end":{"line":82,"column":3}},"8":{"start":{"line":67,"column":4},"end":{"line":79,"column":7}},"9":{"start":{"line":68,"column":6},"end":{"line":78,"column":7}},"10":{"start":{"line":69,"column":8},"end":{"line":69,"column":31}},"11":{"start":{"line":71,"column":8},"end":{"line":77,"column":11}},"12":{"start":{"line":72,"column":10},"end":{"line":74,"column":11}},"13":{"start":{"line":73,"column":12},"end":{"line":73,"column":35}},"14":{"start":{"line":75,"column":10},"end":{"line":75,"column":31}},"15":{"start":{"line":76,"column":10},"end":{"line":76,"column":17}},"16":{"start":{"line":81,"column":4},"end":{"line":81,"column":18}}},"fnMap":{"0":{"name":"(anonymous_0)","decl":{"start":{"line":30,"column":19},"end":{"line":30,"column":20}},"loc":{"start":{"line":30,"column":30},"end":{"line":30,"column":44}},"line":30},"1":{"name":"(anonymous_1)","decl":{"start":{"line":31,"column":17},"end":{"line":31,"column":18}},"loc":{"start":{"line":31,"column":28},"end":{"line":31,"column":66}},"line":31},"2":{"name":"(anonymous_2)","decl":{"start":{"line":63,"column":23},"end":{"line":63,"column":24}},"loc":{"start":{"line":63,"column":39},"end":{"line":83,"column":1}},"line":63},"3":{"name":"(anonymous_3)","decl":{"start":{"line":67,"column":16},"end":{"line":67,"column":17}},"loc":{"start":{"line":67,"column":43},"end":{"line":79,"column":5}},"line":67},"4":{"name":"(anonymous_4)","decl":{"start":{"line":71,"column":34},"end":{"line":71,"column":35}},"loc":{"start":{"line":71,"column":61},"end":{"line":77,"column":9}},"line":71}},"branchMap":{"0":{"loc":{"start":{"line":66,"column":2},"end":{"line":82,"column":3}},"type":"if","locations":[{"start":{"line":66,"column":2},"end":{"line":82,"column":3}},{"start":{"line":80,"column":9},"end":{"line":82,"column":3}}],"line":66},"1":{"loc":{"start":{"line":66,"column":6},"end":{"line":66,"column":47}},"type":"binary-expr","locations":[{"start":{"line":66,"column":6},"end":{"line":66,"column":33}},{"start":{"line":66,"column":37},"end":{"line":66,"column":47}}],"line":66},"2":{"loc":{"start":{"line":68,"column":6},"end":{"line":78,"column":7}},"type":"if","locations":[{"start":{"line":68,"column":6},"end":{"line":78,"column":7}},{"start":{"line":70,"column":13},"end":{"line":78,"column":7}}],"line":68},"3":{"loc":{"start":{"line":72,"column":10},"end":{"line":74,"column":11}},"type":"if","locations":[{"start":{"line":72,"column":10},"end":{"line":74,"column":11}},{"start":{},"end":{}}],"line":72}},"s":{"0":1,"1":1,"2":0,"3":0,"4":1,"5":1,"6":0,"7":0,"8":0,"9":0,"10":0,"11":0,"12":0,"13":0,"14":0,"15":0,"16":0},"f":{"0":0,"1":0,"2":0,"3":0,"4":0},"b":{"0":[0,0],"1":[0,0],"2":[0,0],"3":[0,0]},"_coverageSchema":"1a1c01bbd47fc00a2c39e90264f33305004495a9","hash":"2149a0f3441acbf23e6865ce0dc20295ae51b309"}
,"/home/abdurahim/Desktop/exadel/BudgetifyApp/api/routes/accounts.js": {"path":"/home/abdurahim/Desktop/exadel/BudgetifyApp/api/routes/accounts.js","statementMap":{"0":{"start":{"line":10,"column":15},"end":{"line":10,"column":31}},"1":{"start":{"line":12,"column":0},"end":{"line":12,"column":33}},"2":{"start":{"line":13,"column":0},"end":{"line":13,"column":32}},"3":{"start":{"line":14,"column":0},"end":{"line":14,"column":38}},"4":{"start":{"line":15,"column":0},"end":{"line":15,"column":43}},"5":{"start":{"line":16,"column":0},"end":{"line":16,"column":44}}},"fnMap":{},"branchMap":{},"s":{"0":1,"1":1,"2":1,"3":1,"4":1,"5":1},"f":{},"b":{},"_coverageSchema":"1a1c01bbd47fc00a2c39e90264f33305004495a9","hash":"e3caf9a799e0ebd316d91d793b5b899a4c4b641b"}
,"/home/abdurahim/Desktop/exadel/BudgetifyApp/api/routes/adminReports.js": {"path":"/home/abdurahim/Desktop/exadel/BudgetifyApp/api/routes/adminReports.js","statementMap":{"0":{"start":{"line":2,"column":15},"end":{"line":2,"column":31}},"1":{"start":{"line":4,"column":0},"end":{"line":9,"column":3}},"2":{"start":{"line":5,"column":2},"end":{"line":8,"column":5}},"3":{"start":{"line":11,"column":0},"end":{"line":15,"column":3}},"4":{"start":{"line":12,"column":2},"end":{"line":14,"column":5}}},"fnMap":{"0":{"name":"(anonymous_0)","decl":{"start":{"line":4,"column":30},"end":{"line":4,"column":31}},"loc":{"start":{"line":4,"column":44},"end":{"line":9,"column":1}},"line":4},"1":{"name":"(anonymous_1)","decl":{"start":{"line":11,"column":30},"end":{"line":11,"column":31}},"loc":{"start":{"line":11,"column":44},"end":{"line":15,"column":1}},"line":11}},"branchMap":{},"s":{"0":1,"1":1,"2":0,"3":1,"4":0},"f":{"0":0,"1":0},"b":{},"_coverageSchema":"1a1c01bbd47fc00a2c39e90264f33305004495a9","hash":"af692d2532df5ef595fadd089b1c0e78da7da8a9"}
,"/home/abdurahim/Desktop/exadel/BudgetifyApp/api/routes/categories.js": {"path":"/home/abdurahim/Desktop/exadel/BudgetifyApp/api/routes/categories.js","statementMap":{"0":{"start":{"line":9,"column":15},"end":{"line":9,"column":31}},"1":{"start":{"line":11,"column":0},"end":{"line":11,"column":34}},"2":{"start":{"line":12,"column":0},"end":{"line":12,"column":33}},"3":{"start":{"line":13,"column":0},"end":{"line":13,"column":45}},"4":{"start":{"line":14,"column":0},"end":{"line":14,"column":46}}},"fnMap":{},"branchMap":{},"s":{"0":1,"1":1,"2":1,"3":1,"4":1},"f":{},"b":{},"_coverageSchema":"1a1c01bbd47fc00a2c39e90264f33305004495a9","hash":"ead4229d618780f64511b4ef729c8e8b0e65d847"}
,"/home/abdurahim/Desktop/exadel/BudgetifyApp/api/routes/transactions.js": {"path":"/home/abdurahim/Desktop/exadel/BudgetifyApp/api/routes/transactions.js","statementMap":{"0":{"start":{"line":10,"column":15},"end":{"line":10,"column":31}},"1":{"start":{"line":12,"column":0},"end":{"line":12,"column":50}},"2":{"start":{"line":13,"column":0},"end":{"line":13,"column":56}},"3":{"start":{"line":14,"column":0},"end":{"line":14,"column":58}},"4":{"start":{"line":15,"column":0},"end":{"line":15,"column":51}},"5":{"start":{"line":16,"column":0},"end":{"line":16,"column":52}}},"fnMap":{},"branchMap":{},"s":{"0":1,"1":1,"2":1,"3":1,"4":1,"5":1},"f":{},"b":{},"_coverageSchema":"1a1c01bbd47fc00a2c39e90264f33305004495a9","hash":"57c5238543367d1fe52d41c35556172258ebc139"}
,"/home/abdurahim/Desktop/exadel/BudgetifyApp/api/routes/user.js": {"path":"/home/abdurahim/Desktop/exadel/BudgetifyApp/api/routes/user.js","statementMap":{"0":{"start":{"line":10,"column":15},"end":{"line":10,"column":31}},"1":{"start":{"line":12,"column":0},"end":{"line":12,"column":29}},"2":{"start":{"line":13,"column":0},"end":{"line":13,"column":37}},"3":{"start":{"line":14,"column":0},"end":{"line":14,"column":33}},"4":{"start":{"line":15,"column":0},"end":{"line":15,"column":37}},"5":{"start":{"line":16,"column":0},"end":{"line":16,"column":38}}},"fnMap":{},"branchMap":{},"s":{"0":1,"1":1,"2":1,"3":1,"4":1,"5":1},"f":{},"b":{},"_coverageSchema":"1a1c01bbd47fc00a2c39e90264f33305004495a9","hash":"6eedf7b4105d2d7f024fe2b57b0eb67527152eef"}
,"/home/abdurahim/Desktop/exadel/BudgetifyApp/api/routes/userReports.js": {"path":"/home/abdurahim/Desktop/exadel/BudgetifyApp/api/routes/userReports.js","statementMap":{"0":{"start":{"line":2,"column":15},"end":{"line":2,"column":31}},"1":{"start":{"line":4,"column":0},"end":{"line":8,"column":3}},"2":{"start":{"line":5,"column":2},"end":{"line":7,"column":5}},"3":{"start":{"line":10,"column":0},"end":{"line":14,"column":3}},"4":{"start":{"line":11,"column":2},"end":{"line":13,"column":5}}},"fnMap":{"0":{"name":"(anonymous_0)","decl":{"start":{"line":4,"column":30},"end":{"line":4,"column":31}},"loc":{"start":{"line":4,"column":44},"end":{"line":8,"column":1}},"line":4},"1":{"name":"(anonymous_1)","decl":{"start":{"line":10,"column":36},"end":{"line":10,"column":37}},"loc":{"start":{"line":10,"column":50},"end":{"line":14,"column":1}},"line":10}},"branchMap":{},"s":{"0":1,"1":1,"2":0,"3":1,"4":0},"f":{"0":0,"1":0},"b":{},"_coverageSchema":"1a1c01bbd47fc00a2c39e90264f33305004495a9","hash":"cd0200af879a15d0967263314bb35c3a2ba2e530"}
}
