TN:
SF:app.js
FN:24,(anonymous_0)
FN:25,(anonymous_1)
FN:46,(anonymous_2)
FN:51,(anonymous_3)
FN:60,(anonymous_4)
FNF:5
FNH:2
FNDA:1,(anonymous_0)
FNDA:0,(anonymous_1)
FNDA:0,(anonymous_2)
FNDA:0,(anonymous_3)
FNDA:1,(anonymous_4)
DA:18,1
DA:19,1
DA:20,1
DA:22,1
DA:24,1
DA:25,0
DA:29,1
DA:30,1
DA:31,1
DA:32,1
DA:33,1
DA:34,1
DA:35,1
DA:38,1
DA:39,1
DA:40,1
DA:41,1
DA:42,1
DA:43,1
DA:46,1
DA:47,0
DA:48,0
DA:49,0
DA:51,1
DA:52,0
DA:53,0
DA:60,1
DA:61,1
LF:28
LH:22
BRDA:20,0,0,1
BRDA:20,0,1,0
BRDA:52,1,0,0
BRDA:52,1,1,0
BRF:4
BRH:1
end_of_record
TN:
SF:api/controllers/accounts.js
FN:3,(anonymous_0)
FN:12,(anonymous_1)
FN:21,(anonymous_2)
FN:30,(anonymous_3)
FN:46,(anonymous_4)
FNF:5
FNH:0
FNDA:0,(anonymous_0)
FNDA:0,(anonymous_1)
FNDA:0,(anonymous_2)
FNDA:0,(anonymous_3)
FNDA:0,(anonymous_4)
DA:3,1
DA:4,0
DA:5,0
DA:6,0
DA:12,1
DA:13,0
DA:14,0
DA:15,0
DA:21,1
DA:22,0
DA:23,0
DA:24,0
DA:30,1
DA:31,0
DA:32,0
DA:40,0
DA:46,1
DA:47,0
DA:48,0
DA:49,0
LF:20
LH:5
BRF:0
BRH:0
end_of_record
TN:
SF:api/controllers/categories.js
FN:3,(anonymous_0)
FN:8,(anonymous_1)
FN:14,(anonymous_2)
FN:27,(anonymous_3)
FNF:4
FNH:0
FNDA:0,(anonymous_0)
FNDA:0,(anonymous_1)
FNDA:0,(anonymous_2)
FNDA:0,(anonymous_3)
DA:3,1
DA:4,0
DA:5,0
DA:8,1
DA:9,0
DA:10,0
DA:11,0
DA:14,1
DA:15,0
DA:16,0
DA:24,0
DA:27,1
DA:28,0
DA:29,0
DA:30,0
LF:15
LH:4
BRF:0
BRH:0
end_of_record
TN:
SF:api/controllers/transactions.js
FN:3,(anonymous_0)
FN:12,(anonymous_1)
FN:23,(anonymous_2)
FN:34,(anonymous_3)
FN:47,(anonymous_4)
FNF:5
FNH:0
FNDA:0,(anonymous_0)
FNDA:0,(anonymous_1)
FNDA:0,(anonymous_2)
FNDA:0,(anonymous_3)
FNDA:0,(anonymous_4)
DA:3,1
DA:4,0
DA:5,0
DA:6,0
DA:12,1
DA:13,0
DA:14,0
DA:17,0
DA:23,1
DA:24,0
DA:25,0
DA:28,0
DA:34,1
DA:35,0
DA:36,0
DA:41,0
DA:47,1
DA:48,0
DA:49,0
DA:52,0
LF:20
LH:5
BRF:0
BRH:0
end_of_record
TN:
SF:api/controllers/user.js
FN:9,(anonymous_0)
FN:17,(anonymous_1)
FN:26,(anonymous_2)
FN:54,(anonymous_3)
FN:66,(anonymous_4)
FNF:5
FNH:2
FNDA:1,(anonymous_0)
FNDA:1,(anonymous_1)
FNDA:0,(anonymous_2)
FNDA:0,(anonymous_3)
FNDA:0,(anonymous_4)
DA:6,1
DA:7,1
DA:9,1
DA:10,1
DA:11,1
DA:17,1
DA:18,1
DA:19,1
DA:20,0
DA:26,1
DA:27,0
DA:28,0
DA:29,0
DA:30,0
DA:31,0
DA:37,0
DA:41,0
DA:50,0
DA:54,1
DA:55,0
DA:56,0
DA:60,0
DA:66,1
DA:67,0
DA:68,0
DA:69,0
LF:26
LH:11
BRDA:30,0,0,0
BRDA:30,0,1,0
BRDA:30,1,0,0
BRDA:30,1,1,0
BRF:4
BRH:0
end_of_record
TN:
SF:api/middlewares/guards.js
FN:1,(anonymous_0)
FNF:1
FNH:0
FNDA:0,(anonymous_0)
DA:1,1
DA:2,0
DA:3,0
DA:5,0
LF:4
LH:1
BRDA:2,0,0,0
BRDA:2,0,1,0
BRDA:2,1,0,0
BRDA:2,1,1,0
BRF:4
BRH:0
end_of_record
TN:
SF:api/middlewares/passport.js
FN:14,(anonymous_0)
FNF:1
FNH:0
FNDA:0,(anonymous_0)
DA:6,1
DA:8,1
DA:13,1
DA:15,0
DA:16,0
DA:17,0
DA:19,0
DA:23,1
LF:8
LH:4
BRDA:16,0,0,0
BRDA:16,0,1,0
BRF:2
BRH:0
end_of_record
TN:
SF:api/models/account.js
FNF:0
FNH:0
DA:4,1
DA:8,1
DA:43,1
LF:3
LH:3
BRF:0
BRH:0
end_of_record
TN:
SF:api/models/category.js
FNF:0
FNH:0
DA:4,1
DA:6,1
DA:23,1
LF:3
LH:3
BRF:0
BRH:0
end_of_record
TN:
SF:api/models/transaction.js
FNF:0
FNH:0
DA:3,1
DA:5,1
LF:2
LH:2
BRF:0
BRH:0
end_of_record
TN:
SF:api/models/user.js
FN:30,(anonymous_0)
FN:31,(anonymous_1)
FN:63,(anonymous_2)
FN:67,(anonymous_3)
FN:71,(anonymous_4)
FNF:5
FNH:0
FNDA:0,(anonymous_0)
FNDA:0,(anonymous_1)
FNDA:0,(anonymous_2)
FNDA:0,(anonymous_3)
FNDA:0,(anonymous_4)
DA:6,1
DA:10,1
DA:30,0
DA:31,0
DA:59,1
DA:63,1
DA:64,0
DA:66,0
DA:67,0
DA:68,0
DA:69,0
DA:71,0
DA:72,0
DA:73,0
DA:75,0
DA:76,0
DA:81,0
LF:17
LH:4
BRDA:66,0,0,0
BRDA:66,0,1,0
BRDA:66,1,0,0
BRDA:66,1,1,0
BRDA:68,2,0,0
BRDA:68,2,1,0
BRDA:72,3,0,0
BRDA:72,3,1,0
BRF:8
BRH:0
end_of_record
TN:
SF:api/routes/accounts.js
FNF:0
FNH:0
DA:10,1
DA:12,1
DA:13,1
DA:14,1
DA:15,1
DA:16,1
LF:6
LH:6
BRF:0
BRH:0
end_of_record
TN:
SF:api/routes/adminReports.js
FN:4,(anonymous_0)
FN:11,(anonymous_1)
FNF:2
FNH:0
FNDA:0,(anonymous_0)
FNDA:0,(anonymous_1)
DA:2,1
DA:4,1
DA:5,0
DA:11,1
DA:12,0
LF:5
LH:3
BRF:0
BRH:0
end_of_record
TN:
SF:api/routes/categories.js
FNF:0
FNH:0
DA:9,1
DA:11,1
DA:12,1
DA:13,1
DA:14,1
LF:5
LH:5
BRF:0
BRH:0
end_of_record
TN:
SF:api/routes/transactions.js
FNF:0
FNH:0
DA:10,1
DA:12,1
DA:13,1
DA:14,1
DA:15,1
DA:16,1
LF:6
LH:6
BRF:0
BRH:0
end_of_record
TN:
SF:api/routes/user.js
FNF:0
FNH:0
DA:10,1
DA:12,1
DA:13,1
DA:14,1
DA:15,1
DA:16,1
LF:6
LH:6
BRF:0
BRH:0
end_of_record
TN:
SF:api/routes/userReports.js
FN:4,(anonymous_0)
FN:10,(anonymous_1)
FNF:2
FNH:0
FNDA:0,(anonymous_0)
FNDA:0,(anonymous_1)
DA:2,1
DA:4,1
DA:5,0
DA:10,1
DA:11,0
LF:5
LH:3
BRF:0
BRH:0
end_of_record
